app/build/intermediates/manifest_merge_blame_file/debug/manifest-merger-blame-debug-report.txt
1<?xml version="1.0" encoding="utf-8"?>
2<!--
3    五恒智能控制系统 - AndroidManifest.xml
4    
5    版本: 1.0
6    更新日期: 2026-04-23
7    
8    安全说明:
9    - 禁用明文流量传输 (android:usesCleartextTraffic="false")
10    - 配置网络安全配置文件 (android:networkSecurityConfig)
11    - 禁用应用备份 (android:allowBackup="false")
12    - 禁用数据提取 (android:dataExtractionRules)
13    - 配置应用组件权限
14-->
15<manifest xmlns:android="http://schemas.android.com/apk/res/android"
16    package="com.wuheng.smart"
17    android:versionCode="1"
18    android:versionName="1.0" >
19
20    <uses-sdk
21        android:minSdkVersion="24"
21-->src\main\AndroidManifest.xml
22        android:targetSdkVersion="33" />
22-->src\main\AndroidManifest.xml
23
24    <!--
25        权限声明
26        按功能分组，遵循最小权限原则
27    -->
28
29
30    <!-- 网络权限 -->
31    <uses-permission android:name="android.permission.INTERNET" />
31-->src\main\AndroidManifest.xml:25:5-67
31-->src\main\AndroidManifest.xml:25:22-64
32    <uses-permission android:name="android.permission.ACCESS_NETWORK_STATE" />
32-->src\main\AndroidManifest.xml:26:5-79
32-->src\main\AndroidManifest.xml:26:22-76
33
34    <!-- 定位权限（天气功能需要） -->
35    <uses-permission android:name="android.permission.ACCESS_FINE_LOCATION" />
35-->src\main\AndroidManifest.xml:29:5-79
35-->src\main\AndroidManifest.xml:29:22-76
36    <uses-permission android:name="android.permission.ACCESS_COARSE_LOCATION" />
36-->src\main\AndroidManifest.xml:30:5-81
36-->src\main\AndroidManifest.xml:30:22-78
37
38    <!-- 前台服务权限（如需要后台任务） -->
39    <!-- <uses-permission android:name="android.permission.FOREGROUND_SERVICE" /> -->
40
41
42    <!-- 通知权限（Android 13+） -->
43    <uses-permission android:name="android.permission.POST_NOTIFICATIONS" />
43-->src\main\AndroidManifest.xml:36:5-77
43-->src\main\AndroidManifest.xml:36:22-74
44
45    <!-- WiFi状态权限（局域网设备发现） -->
46    <uses-permission android:name="android.permission.ACCESS_WIFI_STATE" />
46-->src\main\AndroidManifest.xml:39:5-76
46-->src\main\AndroidManifest.xml:39:22-73
47
48    <!-- 硬件特性声明 -->
49    <uses-feature
49-->src\main\AndroidManifest.xml:42:5-44:36
50        android:name="android.hardware.location"
50-->src\main\AndroidManifest.xml:43:9-49
51        android:required="false" />
51-->src\main\AndroidManifest.xml:44:9-33
52    <uses-feature
52-->src\main\AndroidManifest.xml:45:5-47:36
53        android:name="android.hardware.location.gps"
53-->src\main\AndroidManifest.xml:46:9-53
54        android:required="false" />
54-->src\main\AndroidManifest.xml:47:9-33
55    <uses-feature
55-->src\main\AndroidManifest.xml:48:5-50:36
56        android:name="android.hardware.location.network"
56-->src\main\AndroidManifest.xml:49:9-57
57        android:required="false" />
57-->src\main\AndroidManifest.xml:50:9-33
58
59    <permission
59-->[androidx.core:core:1.9.0] AndroidManifest.xml:22:5-24:47
60        android:name="com.wuheng.smart.DYNAMIC_RECEIVER_NOT_EXPORTED_PERMISSION"
60-->[androidx.core:core:1.9.0] AndroidManifest.xml:23:9-81
61        android:protectionLevel="signature" />
61-->[androidx.core:core:1.9.0] AndroidManifest.xml:24:9-44
62
63    <uses-permission android:name="com.wuheng.smart.DYNAMIC_RECEIVER_NOT_EXPORTED_PERMISSION" />
63-->[androidx.core:core:1.9.0] AndroidManifest.xml:26:5-97
63-->[androidx.core:core:1.9.0] AndroidManifest.xml:26:22-94
64
65    <application
65-->src\main\AndroidManifest.xml:52:5-182:19
66        android:name="com.wuheng.smart.WuHengApplication"
66-->src\main\AndroidManifest.xml:53:9-42
67        android:allowBackup="false"
67-->src\main\AndroidManifest.xml:54:9-36
68        android:appComponentFactory="androidx.core.app.CoreComponentFactory"
68-->[androidx.core:core:1.9.0] AndroidManifest.xml:28:18-86
69        android:dataExtractionRules="@xml/data_extraction_rules"
69-->src\main\AndroidManifest.xml:55:9-65
70        android:debuggable="true"
71        android:extractNativeLibs="false"
72        android:fullBackupContent="@xml/backup_rules"
72-->src\main\AndroidManifest.xml:56:9-54
73        android:icon="@mipmap/ic_launcher"
73-->src\main\AndroidManifest.xml:57:9-43
74        android:label="@string/app_name"
74-->src\main\AndroidManifest.xml:58:9-41
75        android:networkSecurityConfig="@xml/network_security_config"
75-->src\main\AndroidManifest.xml:59:9-69
76        android:roundIcon="@mipmap/ic_launcher_round"
76-->src\main\AndroidManifest.xml:60:9-54
77        android:supportsRtl="true"
77-->src\main\AndroidManifest.xml:61:9-35
78        android:testOnly="true"
79        android:theme="@style/Theme.WuHeng"
79-->src\main\AndroidManifest.xml:62:9-44
80        android:usesCleartextTraffic="false" >
80-->src\main\AndroidManifest.xml:63:9-45
81
82        <!--
83            主Activity
84            配置: 应用入口，启用导出控制
85        -->
86        <activity
86-->src\main\AndroidManifest.xml:70:9-94:20
87            android:name="com.wuheng.smart.MainActivity"
87-->src\main\AndroidManifest.xml:71:13-41
88            android:exported="true"
88-->src\main\AndroidManifest.xml:72:13-36
89            android:launchMode="singleTask"
89-->src\main\AndroidManifest.xml:73:13-44
90            android:screenOrientation="portrait"
90-->src\main\AndroidManifest.xml:74:13-49
91            android:theme="@style/Theme.WuHeng"
91-->src\main\AndroidManifest.xml:75:13-48
92            android:windowSoftInputMode="adjustResize" >
92-->src\main\AndroidManifest.xml:76:13-55
93            <intent-filter>
93-->src\main\AndroidManifest.xml:78:13-81:29
94                <action android:name="android.intent.action.MAIN" />
94-->src\main\AndroidManifest.xml:79:17-69
94-->src\main\AndroidManifest.xml:79:25-66
95
96                <category android:name="android.intent.category.LAUNCHER" />
96-->src\main\AndroidManifest.xml:80:17-77
96-->src\main\AndroidManifest.xml:80:27-74
97            </intent-filter>
98
99            <!-- Deep Link配置（如需要） -->
100            <!--
101            <intent-filter android:autoVerify="true">
102                <action android:name="android.intent.action.VIEW" />
103                <category android:name="android.intent.category.DEFAULT" />
104                <category android:name="android.intent.category.BROWSABLE" />
105                <data android:scheme="https"
106                      android:host="wuheng.com"
107                      android:pathPrefix="/app" />
108            </intent-filter>
109            -->
110        </activity>
111
112        <!--
113            FileProvider配置（安全文件共享）
114            用于分享日志文件、图片等
115        -->
116        <provider
117            android:name="androidx.core.content.FileProvider"
117-->src\main\AndroidManifest.xml:101:13-62
118            android:authorities="com.wuheng.smart.fileprovider"
118-->src\main\AndroidManifest.xml:102:13-64
119            android:exported="false"
119-->src\main\AndroidManifest.xml:103:13-37
120            android:grantUriPermissions="true" >
120-->src\main\AndroidManifest.xml:104:13-47
121            <meta-data
121-->src\main\AndroidManifest.xml:105:13-107:54
122                android:name="android.support.FILE_PROVIDER_PATHS"
122-->src\main\AndroidManifest.xml:106:17-67
123                android:resource="@xml/file_paths" />
123-->src\main\AndroidManifest.xml:107:17-51
124        </provider>
125
126        <!--
127            Hilt配置
128            自动生成，无需手动声明
129        -->
130
131
132<!--             前台服务（如需要后台同步） -->
133        <!--
134        <service
135            android:name=".service.DataSyncService"
136            android:enabled="true"
137            android:exported="false"
138            android:foregroundServiceType="dataSync" />
139        -->
140
141
142<!--             广播接收器（如需要） -->
143        <!--
144        <receiver
145            android:name=".receiver.NetworkChangeReceiver"
146            android:enabled="true"
147            android:exported="false">
148            <intent-filter>
149                <action android:name="android.net.conn.CONNECTIVITY_CHANGE" />
150            </intent-filter>
151        </receiver>
152        -->
153
154
155<!--             WorkManager配置（后台任务） -->
156        <!--
157        <provider
158            android:name="androidx.startup.InitializationProvider"
159            android:authorities="${applicationId}.androidx-startup"
160            android:exported="false"
161            tools:node="merge">
162            <meta-data
163                android:name="androidx.work.WorkManagerInitializer"
164                android:value="androidx.startup" />
165        </provider>
166        -->
167
168
169        <!--
170            App Startup 初始化器配置
171            用于初始化 Timber、定位SDK等
172        -->
173        <provider
174            android:name="androidx.startup.InitializationProvider"
174-->src\main\AndroidManifest.xml:160:13-67
175            android:authorities="com.wuheng.smart.androidx-startup"
175-->src\main\AndroidManifest.xml:161:13-68
176            android:exported="false" >
176-->src\main\AndroidManifest.xml:162:13-37
177
178            <!-- Timber 初始化器 -->
179            <meta-data
179-->src\main\AndroidManifest.xml:165:13-167:52
180                android:name="com.wuheng.smart.initializer.TimberInitializer"
180-->src\main\AndroidManifest.xml:166:17-78
181                android:value="androidx.startup" />
181-->src\main\AndroidManifest.xml:167:17-49
182            <!-- 定位SDK初始化器 -->
183            <meta-data
183-->src\main\AndroidManifest.xml:169:13-171:52
184                android:name="com.wuheng.smart.initializer.LocationSdkInitializer"
184-->src\main\AndroidManifest.xml:170:17-83
185                android:value="androidx.startup" />
185-->src\main\AndroidManifest.xml:171:17-49
186            <!-- 统计SDK初始化器 -->
187            <meta-data
187-->src\main\AndroidManifest.xml:173:13-175:52
188                android:name="com.wuheng.smart.initializer.AnalyticsInitializer"
188-->src\main\AndroidManifest.xml:174:17-81
189                android:value="androidx.startup" />
189-->src\main\AndroidManifest.xml:175:17-49
190            <!-- 推送SDK初始化器 -->
191            <meta-data
191-->src\main\AndroidManifest.xml:177:13-179:52
192                android:name="com.wuheng.smart.initializer.PushInitializer"
192-->src\main\AndroidManifest.xml:178:17-76
193                android:value="androidx.startup" />
193-->src\main\AndroidManifest.xml:179:17-49
194            <meta-data
194-->[androidx.emoji2:emoji2:1.3.0] AndroidManifest.xml:29:13-31:52
195                android:name="androidx.emoji2.text.EmojiCompatInitializer"
195-->[androidx.emoji2:emoji2:1.3.0] AndroidManifest.xml:30:17-75
196                android:value="androidx.startup" />
196-->[androidx.emoji2:emoji2:1.3.0] AndroidManifest.xml:31:17-49
197            <meta-data
197-->[androidx.lifecycle:lifecycle-process:2.6.1] AndroidManifest.xml:29:13-31:52
198                android:name="androidx.lifecycle.ProcessLifecycleInitializer"
198-->[androidx.lifecycle:lifecycle-process:2.6.1] AndroidManifest.xml:30:17-78
199                android:value="androidx.startup" />
199-->[androidx.lifecycle:lifecycle-process:2.6.1] AndroidManifest.xml:31:17-49
200            <meta-data
200-->[androidx.profileinstaller:profileinstaller:1.3.1] AndroidManifest.xml:29:13-31:52
201                android:name="androidx.profileinstaller.ProfileInstallerInitializer"
201-->[androidx.profileinstaller:profileinstaller:1.3.1] AndroidManifest.xml:30:17-85
202                android:value="androidx.startup" />
202-->[androidx.profileinstaller:profileinstaller:1.3.1] AndroidManifest.xml:31:17-49
203        </provider>
204
205        <activity
205-->[com.google.android.gms:play-services-base:18.1.0] AndroidManifest.xml:20:9-22:45
206            android:name="com.google.android.gms.common.api.GoogleApiActivity"
206-->[com.google.android.gms:play-services-base:18.1.0] AndroidManifest.xml:20:19-85
207            android:exported="false"
207-->[com.google.android.gms:play-services-base:18.1.0] AndroidManifest.xml:22:19-43
208            android:theme="@android:style/Theme.Translucent.NoTitleBar" />
208-->[com.google.android.gms:play-services-base:18.1.0] AndroidManifest.xml:21:19-78
209
210        <meta-data
210-->[com.google.android.gms:play-services-basement:18.1.0] AndroidManifest.xml:21:9-23:69
211            android:name="com.google.android.gms.version"
211-->[com.google.android.gms:play-services-basement:18.1.0] AndroidManifest.xml:22:13-58
212            android:value="@integer/google_play_services_version" />
212-->[com.google.android.gms:play-services-basement:18.1.0] AndroidManifest.xml:23:13-66
213
214        <activity
214-->[androidx.compose.ui:ui-test-manifest:1.4.3] AndroidManifest.xml:23:9-25:39
215            android:name="androidx.activity.ComponentActivity"
215-->[androidx.compose.ui:ui-test-manifest:1.4.3] AndroidManifest.xml:24:13-63
216            android:exported="true" />
216-->[androidx.compose.ui:ui-test-manifest:1.4.3] AndroidManifest.xml:25:13-36
217        <activity
217-->[androidx.compose.ui:ui-tooling:1.4.3] AndroidManifest.xml:23:9-25:39
218            android:name="androidx.compose.ui.tooling.PreviewActivity"
218-->[androidx.compose.ui:ui-tooling:1.4.3] AndroidManifest.xml:24:13-71
219            android:exported="true" />
219-->[androidx.compose.ui:ui-tooling:1.4.3] AndroidManifest.xml:25:13-36
220
221        <receiver
221-->[androidx.profileinstaller:profileinstaller:1.3.1] AndroidManifest.xml:34:9-52:20
222            android:name="androidx.profileinstaller.ProfileInstallReceiver"
222-->[androidx.profileinstaller:profileinstaller:1.3.1] AndroidManifest.xml:35:13-76
223            android:directBootAware="false"
223-->[androidx.profileinstaller:profileinstaller:1.3.1] AndroidManifest.xml:36:13-44
224            android:enabled="true"
224-->[androidx.profileinstaller:profileinstaller:1.3.1] AndroidManifest.xml:37:13-35
225            android:exported="true"
225-->[androidx.profileinstaller:profileinstaller:1.3.1] AndroidManifest.xml:38:13-36
226            android:permission="android.permission.DUMP" >
226-->[androidx.profileinstaller:profileinstaller:1.3.1] AndroidManifest.xml:39:13-57
227            <intent-filter>
227-->[androidx.profileinstaller:profileinstaller:1.3.1] AndroidManifest.xml:40:13-42:29
228                <action android:name="androidx.profileinstaller.action.INSTALL_PROFILE" />
228-->[androidx.profileinstaller:profileinstaller:1.3.1] AndroidManifest.xml:41:17-91
228-->[androidx.profileinstaller:profileinstaller:1.3.1] AndroidManifest.xml:41:25-88
229            </intent-filter>
230            <intent-filter>
230-->[androidx.profileinstaller:profileinstaller:1.3.1] AndroidManifest.xml:43:13-45:29
231                <action android:name="androidx.profileinstaller.action.SKIP_FILE" />
231-->[androidx.profileinstaller:profileinstaller:1.3.1] AndroidManifest.xml:44:17-85
231-->[androidx.profileinstaller:profileinstaller:1.3.1] AndroidManifest.xml:44:25-82
232            </intent-filter>
233            <intent-filter>
233-->[androidx.profileinstaller:profileinstaller:1.3.1] AndroidManifest.xml:46:13-48:29
234                <action android:name="androidx.profileinstaller.action.SAVE_PROFILE" />
234-->[androidx.profileinstaller:profileinstaller:1.3.1] AndroidManifest.xml:47:17-88
234-->[androidx.profileinstaller:profileinstaller:1.3.1] AndroidManifest.xml:47:25-85
235            </intent-filter>
236            <intent-filter>
236-->[androidx.profileinstaller:profileinstaller:1.3.1] AndroidManifest.xml:49:13-51:29
237                <action android:name="androidx.profileinstaller.action.BENCHMARK_OPERATION" />
237-->[androidx.profileinstaller:profileinstaller:1.3.1] AndroidManifest.xml:50:17-95
237-->[androidx.profileinstaller:profileinstaller:1.3.1] AndroidManifest.xml:50:25-92
238            </intent-filter>
239        </receiver>
240    </application>
241
242</manifest>